Tests running in interp:  /opt/ActiveTcl/8.5/bin/tclsh8.5
Tests located in:  /home/makr/Development/git/cvs/tclunit/test
Tests running in:  /home/makr/Development/git/cvs/tclunit
Temporary files stored in /home/makr/Development/git/cvs/tclunit
Test files run in separate interpreters
Running tests that match:  *
Skipping test files that match:  l.*.test
Only running test files that match:  *.test
Tests began at Sat Jun 23 23:09:46 CEST 2012
tclunit.test
---- init_for_tests-1.1 start
++++ init_for_tests-1.1 PASSED
---- run_all_tests-1.1 start
++++ run_all_tests-1.1 PASSED
---- run_test_file-1.1 start
++++ run_test_file-1.1 PASSED
++++ do_run_tests-1.1 SKIPPED: emptyTest
++++ capture_test_output-1.1 SKIPPED: emptyTest
---- test_file_start-1.1 start
++++ test_file_start-1.1 PASSED
---- test_skipped-1.1 start
++++ test_skipped-1.1 PASSED
---- test_started-1.1 start
++++ test_started-1.1 PASSED
---- test_passed-1.1 start
++++ test_passed-1.1 PASSED
---- test_failed-1.1 start
++++ test_failed-1.1 PASSED
---- test_failed_continue-1.1 start
++++ test_failed_continue-1.1 PASSED
---- test_failed_continue-1.2 start
++++ test_failed_continue-1.2 PASSED
---- test_failed_continue-1.3 start
++++ test_failed_continue-1.3 PASSED
---- test_failed_continue-1.4 start
++++ test_failed_continue-1.4 PASSED
---- test_failed_continue-1.5 start
++++ test_failed_continue-1.5 PASSED
---- test_failed_continue-1.6 start
++++ test_failed_continue-1.6 PASSED
---- test_failed_continue-1.7 start
++++ test_failed_continue-1.7 PASSED
---- test_failed_continue-1.8 start
++++ test_failed_continue-1.8 PASSED
---- test_failed_continue-1.9 start
++++ test_failed_continue-1.9 PASSED
++++ incr_test_counter-1.1 SKIPPED: emptyTest
++++ run_tests-1.1 SKIPPED: emptyTest
++++ stop_tests-1.1 SKIPPED: emptyTest
---- init_for_tests-2.1 start
++++ init_for_tests-2.1 PASSED
---- test_skipped-2.1 start
++++ test_skipped-2.1 PASSED
---- test_started-2.1 start
++++ test_started-2.1 PASSED
---- test_passed-2.1 start
++++ test_passed-2.1 PASSED
---- test_failed-2.1 start
++++ test_failed-2.1 PASSED
---- test_failed_continue-2.1 start
++++ test_failed_continue-2.1 PASSED
---- test_failed_continue-2.2 start
++++ test_failed_continue-2.2 PASSED
---- test_failed_continue-2.3 start
++++ test_failed_continue-2.3 PASSED
---- test_failed_continue-2.4 start
++++ test_failed_continue-2.4 PASSED
---- test_failed_continue-2.5 start
++++ test_failed_continue-2.5 PASSED
---- test_failed_continue-2.6 start
++++ test_failed_continue-2.6 PASSED
---- test_failed_continue-2.7 start
++++ test_failed_continue-2.7 PASSED
---- test_failed_continue-2.8 start
++++ test_failed_continue-2.8 PASSED
---- test_failed_continue-2.9 start
++++ test_failed_continue-2.9 PASSED
---- configure-1.1 start
++++ configure-1.1 PASSED
---- configure-2.1 start
++++ configure-2.1 PASSED
---- configure-2.2 start
++++ configure-2.2 PASSED
---- configure-2.3 start
++++ configure-2.3 PASSED
---- configure-3.1 start
++++ configure-3.1 PASSED
---- configure-3.2 start
++++ configure-3.2 PASSED
---- configure-4.1 start
++++ configure-4.1 PASSED
---- configure-4.2 start
++++ configure-4.2 PASSED
tests4tclunit.test
---- success-1.1 start
++++ success-1.1 PASSED
---- failure-1.1 start


==== failure-1.1 Failing test FAILED
==== Contents of test case:

    expr 1

---- Result was:
1
---- Result should have been (exact matching):
2
==== failure-1.1 FAILED

++++ skip-1.1 SKIPPED: emptyTest

Tests ended at Sat Jun 23 23:09:46 CEST 2012
all.tcl:	Total	47	Passed	40	Skipped	6	Failed	1
Sourced 2 Test Files.
Files with failing tests: tests4tclunit.test
Number of tests skipped for each constraint:
	6	emptyTest
