<?xml version="1.0" encoding="UTF-8" ?>
<testsuites>
  <testsuite name="tclunit">
    <testcase name="init_for_tests-1.1" classname="tclunit" />
    <testcase name="run_all_tests-1.1" classname="tclunit" />
    <testcase name="run_test_file-1.1" classname="tclunit" />
    <testcase name="do_run_tests-1.1" classname="tclunit">
      <skipped type="CASE_SKIPPED">emptyTest</skipped>
    </testcase>
    <testcase name="capture_test_output-1.1" classname="tclunit">
      <skipped type="CASE_SKIPPED">emptyTest</skipped>
    </testcase>
    <testcase name="test_file_start-1.1" classname="tclunit" />
    <testcase name="test_skipped-1.1" classname="tclunit" />
    <testcase name="test_started-1.1" classname="tclunit" />
    <testcase name="test_passed-1.1" classname="tclunit" />
    <testcase name="test_failed-1.1" classname="tclunit" />
    <testcase name="test_failed_continue-1.1" classname="tclunit" />
    <testcase name="test_failed_continue-1.2" classname="tclunit" />
    <testcase name="test_failed_continue-1.3" classname="tclunit" />
    <testcase name="test_failed_continue-1.4" classname="tclunit" />
    <testcase name="test_failed_continue-1.5" classname="tclunit" />
    <testcase name="test_failed_continue-1.6" classname="tclunit" />
    <testcase name="test_failed_continue-1.7" classname="tclunit" />
    <testcase name="test_failed_continue-1.8" classname="tclunit" />
    <testcase name="test_failed_continue-1.9" classname="tclunit" />
    <testcase name="incr_test_counter-1.1" classname="tclunit">
      <skipped type="CASE_SKIPPED">emptyTest</skipped>
    </testcase>
    <testcase name="run_tests-1.1" classname="tclunit">
      <skipped type="CASE_SKIPPED">emptyTest</skipped>
    </testcase>
    <testcase name="stop_tests-1.1" classname="tclunit">
      <skipped type="CASE_SKIPPED">emptyTest</skipped>
    </testcase>
    <testcase name="init_for_tests-2.1" classname="tclunit" />
    <testcase name="test_skipped-2.1" classname="tclunit" />
    <testcase name="test_started-2.1" classname="tclunit" />
    <testcase name="test_passed-2.1" classname="tclunit" />
    <testcase name="test_failed-2.1" classname="tclunit" />
    <testcase name="test_failed_continue-2.1" classname="tclunit" />
    <testcase name="test_failed_continue-2.2" classname="tclunit" />
    <testcase name="test_failed_continue-2.3" classname="tclunit" />
    <testcase name="test_failed_continue-2.4" classname="tclunit" />
    <testcase name="test_failed_continue-2.5" classname="tclunit" />
    <testcase name="test_failed_continue-2.6" classname="tclunit" />
    <testcase name="test_failed_continue-2.7" classname="tclunit" />
    <testcase name="test_failed_continue-2.8" classname="tclunit" />
    <testcase name="test_failed_continue-2.9" classname="tclunit" />
    <testcase name="configure-1.1" classname="tclunit" />
    <testcase name="configure-2.1" classname="tclunit" />
    <testcase name="configure-2.2" classname="tclunit" />
    <testcase name="configure-2.3" classname="tclunit" />
    <testcase name="configure-3.1" classname="tclunit" />
    <testcase name="configure-3.2" classname="tclunit" />
    <testcase name="configure-4.1" classname="tclunit" />
    <testcase name="configure-4.2" classname="tclunit" />
  </testsuite>
  <testsuite name="tests4tclunit">
    <testcase name="success-1.1" classname="tests4tclunit" />
    <testcase name="failure-1.1" classname="tests4tclunit">
      <failure type="CASE_FAILED" message="failure-1.1 FAILED">==== failure-1.1 Failing test FAILED
==== Contents of test case:

    expr 1

---- Result was:
1
---- Result should have been (exact matching):
2
==== failure-1.1 FAILED
      </failure>
    </testcase>
    <testcase name="skip-1.1" classname="tests4tclunit">
      <skipped type="CASE_SKIPPED">emptyTest</skipped>
    </testcase>
  </testsuite>
</testsuites>
